app/build/intermediates/manifest_merge_blame_file/debug/manifest-merger-blame-debug-report.txt
1<?xml version="1.0" encoding="utf-8"?>
2<manifest xmlns:android="http://schemas.android.com/apk/res/android"
3    package="com.cpa.cpa_word_problem"
4    android:versionCode="18"
5    android:versionName="1.4.0" >
6
7    <uses-sdk
8        android:minSdkVersion="26"
8-->src/main/AndroidManifest.xml
9        android:targetSdkVersion="31" />
9-->src/main/AndroidManifest.xml
10
11    <uses-permission android:name="android.permission.INTERNET" />
11-->src/main/AndroidManifest.xml:6:5-67
11-->src/main/AndroidManifest.xml:6:22-64
12    <uses-permission android:name="android.permission.ACCESS_NETWORK_STATE" />
12-->src/main/AndroidManifest.xml:7:5-79
12-->src/main/AndroidManifest.xml:7:22-76
13    <uses-permission android:name="android.permission.ACCESS_WIFI_STATE" />
13-->[com.facebook.flipper:flipper:0.122.0] AndroidManifest.xml:16:5-76
13-->[com.facebook.flipper:flipper:0.122.0] AndroidManifest.xml:16:22-73
14
15    <queries>
15-->[com.kakao.adfit:ads-base:3.5.2] AndroidManifest.xml:13:5-28:15
16        <intent>
16-->[com.kakao.adfit:ads-base:3.5.2] AndroidManifest.xml:14:9-20:18
17            <action android:name="android.intent.action.VIEW" />
17-->[com.kakao.adfit:ads-base:3.5.2] AndroidManifest.xml:15:13-65
17-->[com.kakao.adfit:ads-base:3.5.2] AndroidManifest.xml:15:21-62
18
19            <category android:name="android.intent.category.BROWSABLE" />
19-->[com.kakao.adfit:ads-base:3.5.2] AndroidManifest.xml:17:13-74
19-->[com.kakao.adfit:ads-base:3.5.2] AndroidManifest.xml:17:23-71
20
21            <data android:scheme="https" />
21-->[com.kakao.adfit:ads-base:3.5.2] AndroidManifest.xml:19:13-44
21-->[com.kakao.adfit:ads-base:3.5.2] AndroidManifest.xml:19:19-41
22        </intent>
23        <intent>
23-->[com.kakao.adfit:ads-base:3.5.2] AndroidManifest.xml:21:9-27:18
24            <action android:name="android.intent.action.VIEW" />
24-->[com.kakao.adfit:ads-base:3.5.2] AndroidManifest.xml:15:13-65
24-->[com.kakao.adfit:ads-base:3.5.2] AndroidManifest.xml:15:21-62
25
26            <category android:name="android.intent.category.BROWSABLE" />
26-->[com.kakao.adfit:ads-base:3.5.2] AndroidManifest.xml:17:13-74
26-->[com.kakao.adfit:ads-base:3.5.2] AndroidManifest.xml:17:23-71
27
28            <data android:scheme="http" />
28-->[com.kakao.adfit:ads-base:3.5.2] AndroidManifest.xml:19:13-44
28-->[com.kakao.adfit:ads-base:3.5.2] AndroidManifest.xml:19:19-41
29        </intent>
30    </queries> <!-- Include required permissions for Advertising Id -->
31    <uses-permission android:name="com.google.android.gms.permission.AD_ID" />
31-->[com.google.android.gms:play-services-ads-identifier:18.0.1] AndroidManifest.xml:23:5-79
31-->[com.google.android.gms:play-services-ads-identifier:18.0.1] AndroidManifest.xml:23:22-76
32
33    <application
33-->src/main/AndroidManifest.xml:9:5-51:19
34        android:name="com.cpa.cpa_word_problem.CpaQuizApp"
34-->src/main/AndroidManifest.xml:10:9-35
35        android:allowBackup="false"
35-->src/main/AndroidManifest.xml:11:9-36
36        android:appComponentFactory="androidx.core.app.CoreComponentFactory"
36-->[androidx.core:core:1.7.0] AndroidManifest.xml:24:18-86
37        android:debuggable="true"
38        android:extractNativeLibs="false"
39        android:icon="@mipmap/ic_launcher"
39-->src/main/AndroidManifest.xml:12:9-43
40        android:label="@string/app_name"
40-->src/main/AndroidManifest.xml:13:9-41
41        android:roundIcon="@mipmap/ic_launcher_round"
41-->src/main/AndroidManifest.xml:14:9-54
42        android:supportsRtl="true"
42-->src/main/AndroidManifest.xml:15:9-35
43        android:testOnly="true"
44        android:usesCleartextTraffic="true" >
44-->[com.kakao.adfit:ads-base:3.5.2] AndroidManifest.xml:30:18-53
45        <activity
45-->src/main/AndroidManifest.xml:16:9-19:52
46            android:name="com.cpa.cpa_word_problem.feature.quiz.presentation.screen.statistics.QuizStatisticsActivity"
46-->src/main/AndroidManifest.xml:17:13-95
47            android:exported="false"
47-->src/main/AndroidManifest.xml:18:13-37
48            android:theme="@style/Theme.CPAQuiz" />
48-->src/main/AndroidManifest.xml:19:13-49
49        <activity
49-->src/main/AndroidManifest.xml:20:9-23:52
50            android:name="com.cpa.cpa_word_problem.feature.quiz.presentation.screen.quiz.ProblemDetailActivity"
50-->src/main/AndroidManifest.xml:21:13-88
51            android:exported="false"
51-->src/main/AndroidManifest.xml:22:13-37
52            android:theme="@style/Theme.CPAQuiz" />
52-->src/main/AndroidManifest.xml:23:13-49
53        <activity
53-->src/main/AndroidManifest.xml:24:9-34:20
54            android:name="com.cpa.cpa_word_problem.feature.quiz.presentation.screen.main.MainActivity"
54-->src/main/AndroidManifest.xml:25:13-79
55            android:exported="true"
55-->src/main/AndroidManifest.xml:26:13-36
56            android:theme="@style/Theme.CPAQuiz"
56-->src/main/AndroidManifest.xml:27:13-49
57            android:windowSoftInputMode="adjustResize" >
57-->src/main/AndroidManifest.xml:28:13-55
58            <intent-filter>
58-->src/main/AndroidManifest.xml:29:13-33:29
59                <action android:name="android.intent.action.MAIN" />
59-->src/main/AndroidManifest.xml:30:17-69
59-->src/main/AndroidManifest.xml:30:25-66
60
61                <category android:name="android.intent.category.LAUNCHER" />
61-->src/main/AndroidManifest.xml:32:17-77
61-->src/main/AndroidManifest.xml:32:27-74
62            </intent-filter>
63        </activity>
64
65        <provider
66            android:name="androidx.startup.InitializationProvider"
66-->src/main/AndroidManifest.xml:37:13-67
67            android:authorities="com.cpa.cpa_word_problem.androidx-startup"
67-->src/main/AndroidManifest.xml:38:13-68
68            android:exported="false" >
68-->src/main/AndroidManifest.xml:39:13-37
69            <meta-data
69-->src/main/AndroidManifest.xml:41:13-43:52
70                android:name="com.cpa.cpa_word_problem.initializers.DependencyGraphInitializer"
70-->src/main/AndroidManifest.xml:42:17-96
71                android:value="androidx.startup" />
71-->src/main/AndroidManifest.xml:43:17-49
72            <meta-data
72-->src/main/AndroidManifest.xml:44:13-46:52
73                android:name="com.cpa.cpa_word_problem.initializers.TimberInitializer"
73-->src/main/AndroidManifest.xml:45:17-87
74                android:value="androidx.startup" />
74-->src/main/AndroidManifest.xml:46:17-49
75            <meta-data
75-->src/main/AndroidManifest.xml:47:13-49:52
76                android:name="com.cpa.cpa_word_problem.initializers.FlipperInitializer"
76-->src/main/AndroidManifest.xml:48:17-88
77                android:value="androidx.startup" />
77-->src/main/AndroidManifest.xml:49:17-49
78            <meta-data
78-->[androidx.emoji2:emoji2:1.0.0] AndroidManifest.xml:31:13-33:52
79                android:name="androidx.emoji2.text.EmojiCompatInitializer"
79-->[androidx.emoji2:emoji2:1.0.0] AndroidManifest.xml:32:17-75
80                android:value="androidx.startup" />
80-->[androidx.emoji2:emoji2:1.0.0] AndroidManifest.xml:33:17-49
81            <meta-data
81-->[androidx.profileinstaller:profileinstaller:1.1.0-rc01] AndroidManifest.xml:31:13-33:52
82                android:name="androidx.profileinstaller.ProfileInstallerInitializer"
82-->[androidx.profileinstaller:profileinstaller:1.1.0-rc01] AndroidManifest.xml:32:17-85
83                android:value="androidx.startup" />
83-->[androidx.profileinstaller:profileinstaller:1.1.0-rc01] AndroidManifest.xml:33:17-49
84            <meta-data
84-->[androidx.lifecycle:lifecycle-process:2.4.0] AndroidManifest.xml:31:13-33:52
85                android:name="androidx.lifecycle.ProcessLifecycleInitializer"
85-->[androidx.lifecycle:lifecycle-process:2.4.0] AndroidManifest.xml:32:17-78
86                android:value="androidx.startup" />
86-->[androidx.lifecycle:lifecycle-process:2.4.0] AndroidManifest.xml:33:17-49
87        </provider>
88
89        <activity
89-->[androidx.compose.ui:ui-tooling:1.1.0-rc01] AndroidManifest.xml:25:9-27:39
90            android:name="androidx.compose.ui.tooling.PreviewActivity"
90-->[androidx.compose.ui:ui-tooling:1.1.0-rc01] AndroidManifest.xml:26:13-71
91            android:exported="true" /> <!-- enable api 17 : android:supportsRtl="true" -->
91-->[androidx.compose.ui:ui-tooling:1.1.0-rc01] AndroidManifest.xml:27:13-36
92        <activity
92-->[com.kakao.adfit:ads-base:3.5.2] AndroidManifest.xml:33:9-39:58
93            android:name="com.kakao.adfit.common.inappbrowser.activity.IABActivity"
93-->[com.kakao.adfit:ads-base:3.5.2] AndroidManifest.xml:34:13-84
94            android:configChanges="orientation|screenSize|keyboardHidden"
94-->[com.kakao.adfit:ads-base:3.5.2] AndroidManifest.xml:35:13-74
95            android:exported="false"
95-->[com.kakao.adfit:ads-base:3.5.2] AndroidManifest.xml:36:13-37
96            android:launchMode="singleTop"
96-->[com.kakao.adfit:ads-base:3.5.2] AndroidManifest.xml:37:13-43
97            android:theme="@style/Theme.NoTitleBar"
97-->[com.kakao.adfit:ads-base:3.5.2] AndroidManifest.xml:38:13-52
98            android:windowSoftInputMode="adjustResize" />
98-->[com.kakao.adfit:ads-base:3.5.2] AndroidManifest.xml:39:13-55
99
100        <meta-data
100-->[com.google.android.gms:play-services-basement:18.0.0] AndroidManifest.xml:21:9-23:69
101            android:name="com.google.android.gms.version"
101-->[com.google.android.gms:play-services-basement:18.0.0] AndroidManifest.xml:22:13-58
102            android:value="@integer/google_play_services_version" />
102-->[com.google.android.gms:play-services-basement:18.0.0] AndroidManifest.xml:23:13-66
103
104        <service
104-->[androidx.room:room-runtime:2.4.2] AndroidManifest.xml:25:9-28:40
105            android:name="androidx.room.MultiInstanceInvalidationService"
105-->[androidx.room:room-runtime:2.4.2] AndroidManifest.xml:26:13-74
106            android:directBootAware="true"
106-->[androidx.room:room-runtime:2.4.2] AndroidManifest.xml:27:13-43
107            android:exported="false" />
107-->[androidx.room:room-runtime:2.4.2] AndroidManifest.xml:28:13-37
108
109        <receiver
109-->[androidx.profileinstaller:profileinstaller:1.1.0-rc01] AndroidManifest.xml:36:9-45:20
110            android:name="androidx.profileinstaller.ProfileInstallReceiver"
110-->[androidx.profileinstaller:profileinstaller:1.1.0-rc01] AndroidManifest.xml:37:13-76
111            android:directBootAware="false"
111-->[androidx.profileinstaller:profileinstaller:1.1.0-rc01] AndroidManifest.xml:38:13-44
112            android:enabled="true"
112-->[androidx.profileinstaller:profileinstaller:1.1.0-rc01] AndroidManifest.xml:39:13-35
113            android:exported="true"
113-->[androidx.profileinstaller:profileinstaller:1.1.0-rc01] AndroidManifest.xml:40:13-36
114            android:permission="android.permission.DUMP" >
114-->[androidx.profileinstaller:profileinstaller:1.1.0-rc01] AndroidManifest.xml:41:13-57
115            <intent-filter>
115-->[androidx.profileinstaller:profileinstaller:1.1.0-rc01] AndroidManifest.xml:42:13-44:29
116                <action android:name="androidx.profileinstaller.action.INSTALL_PROFILE" />
116-->[androidx.profileinstaller:profileinstaller:1.1.0-rc01] AndroidManifest.xml:43:17-91
116-->[androidx.profileinstaller:profileinstaller:1.1.0-rc01] AndroidManifest.xml:43:25-88
117            </intent-filter>
118        </receiver>
119    </application>
120
121</manifest>